<?xml version="1.0" encoding="UTF-8"?>
<!-- Generated by org.testng.reporters.JUnitXMLReporter -->
<testsuite hostname="DESKTOP-VC1PAC3" ignored="0" name="ResAPITest" tests="5" failures="0" timestamp="24 Feb 2019 15:10:32 GMT" time="7.683" errors="0">
  <testcase name="postAPITest" time="4.358" classname="com.api.tests.PostAPITest"/>
  <testcase name="putAPITest" time="0.821" classname="com.api.tests.PutAPITest"/>
  <testcase name="deleteAPITest" time="0.846" classname="com.api.tests.DeleteAPITest"/>
  <testcase name="getAPITestWithoutHeaders" time="0.662" classname="com.api.tests.GetAPITest"/>
  <testcase name="getAPITestWithHeaders" time="0.876" classname="com.api.tests.GetAPITest"/>
</testsuite> <!-- ResAPITest -->
