<?xml version="1.0" encoding="UTF-8"?>
<testng-results skipped="0" failed="0" ignored="0" total="5" passed="5">
  <reporter-output>
  </reporter-output>
  <suite name="RestAPI" duration-ms="7683" started-at="2019-02-24T15:10:24Z" finished-at="2019-02-24T15:10:31Z">
    <groups>
    </groups>
    <test name="ResAPITest" duration-ms="7683" started-at="2019-02-24T15:10:24Z" finished-at="2019-02-24T15:10:31Z">
      <class name="com.api.tests.DeleteAPITest">
        <test-method status="PASS" signature="setup()[pri:0, instance:com.api.tests.DeleteAPITest@8bd1b6a]" name="setup" is-config="true" duration-ms="3" started-at="2019-02-24T15:10:29Z" finished-at="2019-02-24T15:10:29Z">
          <reporter-output>
          </reporter-output>
        </test-method> <!-- setup -->
        <test-method status="PASS" signature="deleteAPITest()[pri:0, instance:com.api.tests.DeleteAPITest@8bd1b6a]" name="deleteAPITest" duration-ms="846" started-at="2019-02-24T15:10:29Z" finished-at="2019-02-24T15:10:30Z">
          <reporter-output>
          </reporter-output>
        </test-method> <!-- deleteAPITest -->
      </class> <!-- com.api.tests.DeleteAPITest -->
      <class name="com.api.tests.PostAPITest">
        <test-method status="PASS" signature="setup()[pri:0, instance:com.api.tests.PostAPITest@cc285f4]" name="setup" is-config="true" duration-ms="9" started-at="2019-02-24T15:10:24Z" finished-at="2019-02-24T15:10:24Z">
          <reporter-output>
          </reporter-output>
        </test-method> <!-- setup -->
        <test-method status="PASS" signature="postAPITest()[pri:0, instance:com.api.tests.PostAPITest@cc285f4]" name="postAPITest" duration-ms="4358" started-at="2019-02-24T15:10:24Z" finished-at="2019-02-24T15:10:28Z">
          <reporter-output>
          </reporter-output>
        </test-method> <!-- postAPITest -->
      </class> <!-- com.api.tests.PostAPITest -->
      <class name="com.api.tests.PutAPITest">
        <test-method status="PASS" signature="setup()[pri:0, instance:com.api.tests.PutAPITest@55f3ddb1]" name="setup" is-config="true" duration-ms="0" started-at="2019-02-24T15:10:28Z" finished-at="2019-02-24T15:10:28Z">
          <reporter-output>
          </reporter-output>
        </test-method> <!-- setup -->
        <test-method status="PASS" signature="putAPITest()[pri:0, instance:com.api.tests.PutAPITest@55f3ddb1]" name="putAPITest" duration-ms="821" started-at="2019-02-24T15:10:28Z" finished-at="2019-02-24T15:10:29Z">
          <reporter-output>
          </reporter-output>
        </test-method> <!-- putAPITest -->
      </class> <!-- com.api.tests.PutAPITest -->
      <class name="com.api.tests.GetAPITest">
        <test-method status="PASS" signature="setup()[pri:0, instance:com.api.tests.GetAPITest@c038203]" name="setup" is-config="true" duration-ms="1" started-at="2019-02-24T15:10:30Z" finished-at="2019-02-24T15:10:30Z">
          <reporter-output>
          </reporter-output>
        </test-method> <!-- setup -->
        <test-method status="PASS" signature="getAPITestWithoutHeaders()[pri:1, instance:com.api.tests.GetAPITest@c038203]" name="getAPITestWithoutHeaders" duration-ms="662" started-at="2019-02-24T15:10:30Z" finished-at="2019-02-24T15:10:31Z">
          <reporter-output>
          </reporter-output>
        </test-method> <!-- getAPITestWithoutHeaders -->
        <test-method status="PASS" signature="setup()[pri:0, instance:com.api.tests.GetAPITest@c038203]" name="setup" is-config="true" duration-ms="1" started-at="2019-02-24T15:10:31Z" finished-at="2019-02-24T15:10:31Z">
          <reporter-output>
          </reporter-output>
        </test-method> <!-- setup -->
        <test-method status="PASS" signature="getAPITestWithHeaders()[pri:2, instance:com.api.tests.GetAPITest@c038203]" name="getAPITestWithHeaders" duration-ms="876" started-at="2019-02-24T15:10:31Z" finished-at="2019-02-24T15:10:31Z">
          <reporter-output>
          </reporter-output>
        </test-method> <!-- getAPITestWithHeaders -->
      </class> <!-- com.api.tests.GetAPITest -->
    </test> <!-- ResAPITest -->
  </suite> <!-- RestAPI -->
</testng-results>
